{
  "RSpec": {
    "coverage": {
      "/Users/Aaron/src/coderfactory/cfa-edu-website/config/environment.rb": [
        null,
        1,
        null,
        null,
        null,
        1
      ],
      "/Users/Aaron/src/coderfactory/cfa-edu-website/config/application.rb": [
        1,
        null,
        1,
        1,
        null,
        null,
        null,
        1,
        null,
        1,
        1,
        null,
        null,
        null,
        null,
        null,
        null,
        null,
        null,
        null,
        null,
        null,
        null,
        null,
        1,
        null,
        1,
        1,
        null,
        null,
        null,
        null,
        null,
        null,
        1,
        null,
        null,
        null
      ],
      "/Users/Aaron/src/coderfactory/cfa-edu-website/config/boot.rb": [
        1,
        null,
        1
      ],
      "/Users/Aaron/src/coderfactory/cfa-edu-website/config/environments/test.rb": [
        1,
        null,
        null,
        null,
        null,
        null,
        null,
        1,
        null,
        null,
        null,
        null,
        1,
        null,
        null,
        1,
        1,
        null,
        null,
        1,
        1,
        null,
        null,
        1,
        null,
        null,
        1,
        null,
        null,
        null,
        null,
        1,
        null,
        null,
        1,
        null,
        null,
        1,
        null,
        null,
        null,
        null
      ],
      "/Users/Aaron/src/coderfactory/cfa-edu-website/config/initializers/assets.rb": [
        null,
        null,
        null,
        1,
        null,
        null,
        null,
        null,
        null,
        null,
        null,
        null,
        1,
        1,
        1,
        1,
        1,
        1,
        1,
        1,
        1
      ],
      "/Users/Aaron/src/coderfactory/cfa-edu-website/config/initializers/backtrace_silencers.rb": [
        null,
        null,
        null,
        null,
        null,
        null,
        null
      ],
      "/Users/Aaron/src/coderfactory/cfa-edu-website/config/initializers/ckeditor.rb": [
        null,
        1,
        null,
        null,
        null,
        null,
        1,
        null,
        null,
        null,
        null,
        null,
        null,
        null,
        null,
        null,
        null,
        null,
        null,
        null,
        null,
        null,
        null,
        null,
        null,
        null,
        null,
        null,
        null,
        null,
        null,
        null,
        null,
        null,
        null,
        null,
        null,
        null,
        null,
        null,
        null,
        null,
        null,
        null,
        null,
        null,
        null,
        null,
        null
      ],
      "/Users/Aaron/src/coderfactory/cfa-edu-website/config/initializers/cloudinary.rb": [
        1,
        1,
        1,
        1,
        1,
        1,
        null
      ],
      "/Users/Aaron/src/coderfactory/cfa-edu-website/config/initializers/cookies_serializer.rb": [
        null,
        null,
        1
      ],
      "/Users/Aaron/src/coderfactory/cfa-edu-website/config/initializers/devise.rb": [
        null,
        null,
        1,
        null,
        null,
        null,
        null,
        null,
        null,
        null,
        null,
        null,
        null,
        null,
        1,
        null,
        null,
        null,
        null,
        null,
        null,
        null,
        null,
        null,
        null,
        null,
        1,
        null,
        null,
        null,
        null,
        null,
        null,
        null,
        null,
        null,
        null,
        null,
        null,
        null,
        null,
        null,
        null,
        null,
        null,
        null,
        null,
        null,
        1,
        null,
        null,
        null,
        null,
        1,
        null,
        null,
        null,
        null,
        null,
        null,
        null,
        null,
        null,
        null,
        null,
        null,
        null,
        null,
        null,
        null,
        null,
        null,
        null,
        null,
        null,
        null,
        null,
        null,
        null,
        null,
        null,
        null,
        null,
        null,
        1,
        null,
        null,
        null,
        null,
        null,
        null,
        null,
        null,
        null,
        null,
        null,
        null,
        null,
        null,
        null,
        null,
        1,
        null,
        null,
        null,
        null,
        null,
        null,
        null,
        null,
        null,
        null,
        null,
        null,
        null,
        null,
        null,
        null,
        null,
        null,
        null,
        null,
        null,
        null,
        null,
        null,
        null,
        null,
        null,
        1,
        null,
        null,
        null,
        null,
        null,
        null,
        null,
        null,
        null,
        1,
        null,
        null,
        null,
        null,
        null,
        null,
        null,
        null,
        null,
        null,
        1,
        null,
        null,
        null,
        null,
        1,
        null,
        null,
        null,
        null,
        null,
        null,
        null,
        null,
        null,
        null,
        null,
        null,
        null,
        null,
        null,
        null,
        null,
        null,
        null,
        null,
        null,
        null,
        null,
        null,
        null,
        null,
        null,
        null,
        null,
        null,
        null,
        null,
        null,
        null,
        null,
        null,
        null,
        null,
        null,
        null,
        1,
        null,
        null,
        null,
        null,
        null,
        null,
        null,
        null,
        null,
        null,
        null,
        null,
        null,
        null,
        null,
        null,
        null,
        null,
        null,
        null,
        null,
        null,
        null,
        null,
        null,
        null,
        null,
        null,
        null,
        null,
        null,
        null,
        null,
        null,
        null,
        null,
        null,
        null,
        null,
        null,
        null,
        1,
        null,
        null,
        null,
        null,
        null,
        null,
        null,
        null,
        null,
        null,
        null,
        null,
        null,
        null,
        null,
        null,
        null,
        null,
        null,
        null,
        null,
        null,
        null,
        null,
        null,
        null,
        null,
        null,
        null
      ],
      "/Users/Aaron/src/coderfactory/cfa-edu-website/config/initializers/filter_parameter_logging.rb": [
        null,
        null,
        null,
        1
      ],
      "/Users/Aaron/src/coderfactory/cfa-edu-website/config/initializers/friendly_id.rb": [
        null,
        null,
        null,
        null,
        null,
        null,
        null,
        null,
        null,
        null,
        null,
        1,
        null,
        null,
        null,
        null,
        2,
        null,
        2,
        null,
        null,
        null,
        null,
        null,
        null,
        null,
        null,
        null,
        null,
        null,
        null,
        null,
        null,
        null,
        null,
        null,
        null,
        null,
        null,
        null,
        null,
        null,
        null,
        null,
        null,
        null,
        null,
        null,
        null,
        null,
        null,
        null,
        null,
        null,
        null,
        null,
        null,
        null,
        null,
        null,
        null,
        null,
        null,
        null,
        null,
        null,
        null,
        null,
        null,
        null,
        null,
        null,
        null,
        null,
        null,
        null,
        null,
        null,
        null,
        null,
        null,
        null,
        null,
        null,
        null,
        null,
        null,
        null
      ],
      "/Users/Aaron/src/coderfactory/cfa-edu-website/config/initializers/inflections.rb": [
        null,
        null,
        null,
        null,
        null,
        null,
        null,
        null,
        null,
        null,
        null,
        null,
        null,
        null,
        null,
        null
      ],
      "/Users/Aaron/src/coderfactory/cfa-edu-website/config/initializers/mime_types.rb": [
        null,
        null,
        null,
        null
      ],
      "/Users/Aaron/src/coderfactory/cfa-edu-website/config/initializers/ranged_datetime_wrapper.rb": [
        1,
        1,
        1,
        1,
        1,
        null,
        1,
        1,
        null,
        1,
        1,
        null,
        null
      ],
      "/Users/Aaron/src/coderfactory/cfa-edu-website/config/initializers/session_store.rb": [
        null,
        null,
        1
      ],
      "/Users/Aaron/src/coderfactory/cfa-edu-website/config/initializers/simple_form.rb": [
        null,
        1,
        null,
        null,
        null,
        null,
        null,
        1,
        null,
        null,
        null,
        null,
        null,
        null,
        null,
        null,
        null,
        1,
        null,
        null,
        null,
        1,
        null,
        null,
        null,
        null,
        null,
        null,
        null,
        null,
        1,
        null,
        null,
        1,
        null,
        null,
        1,
        null,
        null,
        1,
        null,
        null,
        1,
        1,
        1,
        null,
        null,
        null,
        null,
        null,
        null,
        null,
        null,
        null,
        1,
        null,
        null,
        null,
        null,
        null,
        1,
        null,
        null,
        1,
        null,
        null,
        null,
        null,
        null,
        null,
        null,
        1,
        null,
        null,
        1,
        null,
        null,
        null,
        null,
        null,
        null,
        null,
        null,
        null,
        null,
        null,
        null,
        null,
        null,
        null,
        null,
        null,
        null,
        null,
        null,
        null,
        null,
        null,
        null,
        null,
        null,
        null,
        null,
        null,
        null,
        null,
        null,
        null,
        null,
        null,
        null,
        null,
        null,
        null,
        null,
        null,
        null,
        null,
        null,
        1,
        null,
        null,
        null,
        null,
        null,
        null,
        null,
        null,
        null,
        null,
        null,
        null,
        null,
        null,
        null,
        null,
        null,
        null,
        null,
        null,
        null,
        null,
        null,
        null,
        null,
        null,
        null,
        null,
        null,
        null,
        null,
        null,
        null,
        null,
        null,
        null,
        1,
        null,
        null,
        null,
        null,
        null,
        null,
        null,
        null
      ],
      "/Users/Aaron/src/coderfactory/cfa-edu-website/config/initializers/stripe.rb": [
        1,
        null,
        null,
        null,
        null,
        1
      ],
      "/Users/Aaron/src/coderfactory/cfa-edu-website/config/initializers/wrap_parameters.rb": [
        null,
        null,
        null,
        null,
        null,
        null,
        1,
        1,
        null,
        null,
        null,
        null,
        null,
        null
      ],
      "/Users/Aaron/src/coderfactory/cfa-edu-website/config/routes.rb": [
        1,
        1,
        1,
        1,
        null,
        1,
        1,
        1,
        1,
        1,
        1,
        1,
        null,
        null,
        1,
        1,
        1,
        1,
        1,
        1,
        1,
        null,
        1,
        1,
        1,
        1,
        1,
        1,
        1,
        null,
        1,
        null,
        1,
        null,
        1,
        null,
        1,
        1,
        2,
        null,
        null,
        1,
        null,
        1,
        1,
        1,
        1,
        1,
        1,
        1,
        1,
        1,
        null,
        null,
        1,
        1,
        1,
        1,
        1,
        1,
        1,
        null
      ],
      "/Users/Aaron/src/coderfactory/cfa-edu-website/app/models/admin.rb": [
        1,
        null,
        null,
        1,
        null,
        null
      ],
      "/Users/Aaron/src/coderfactory/cfa-edu-website/app/helpers/admin_dashboard_helper.rb": [
        1,
        null
      ],
      "/Users/Aaron/src/coderfactory/cfa-edu-website/app/helpers/application_helper.rb": [
        1,
        null
      ],
      "/Users/Aaron/src/coderfactory/cfa-edu-website/app/helpers/blog_helper.rb": [
        1,
        null
      ],
      "/Users/Aaron/src/coderfactory/cfa-edu-website/app/helpers/bookings_helper.rb": [
        1,
        null
      ],
      "/Users/Aaron/src/coderfactory/cfa-edu-website/app/helpers/corporate_helper.rb": [
        1,
        null
      ],
      "/Users/Aaron/src/coderfactory/cfa-edu-website/app/helpers/courses_helper.rb": [
        1,
        null
      ],
      "/Users/Aaron/src/coderfactory/cfa-edu-website/app/helpers/fast_track_helper.rb": [
        1,
        null
      ],
      "/Users/Aaron/src/coderfactory/cfa-edu-website/app/helpers/home_helper.rb": [
        1,
        null
      ],
      "/Users/Aaron/src/coderfactory/cfa-edu-website/app/helpers/intakes_helper.rb": [
        1,
        null
      ],
      "/Users/Aaron/src/coderfactory/cfa-edu-website/app/helpers/kids_coding_helper.rb": [
        1,
        null
      ],
      "/Users/Aaron/src/coderfactory/cfa-edu-website/app/helpers/pages_helper.rb": [
        1,
        null
      ],
      "/Users/Aaron/src/coderfactory/cfa-edu-website/app/helpers/post_helper.rb": [
        1,
        null
      ],
      "/Users/Aaron/src/coderfactory/cfa-edu-website/app/helpers/promo_codes_helper.rb": [
        1,
        null
      ],
      "/Users/Aaron/src/coderfactory/cfa-edu-website/app/helpers/workshop_helper.rb": [
        1,
        null
      ],
      "/Users/Aaron/src/coderfactory/cfa-edu-website/app/controllers/admin_dashboard_controller.rb": [
        1,
        1,
        null,
        1,
        null,
        1,
        null,
        null
      ],
      "/Users/Aaron/src/coderfactory/cfa-edu-website/app/controllers/application_controller.rb": [
        1,
        null,
        null,
        1,
        null,
        1,
        null,
        1,
        0,
        null,
        1,
        0,
        null,
        null,
        1,
        168,
        168,
        168,
        null,
        null
      ],
      "/Users/Aaron/src/coderfactory/cfa-edu-website/app/controllers/bookings_controller.rb": [
        1,
        1,
        1,
        1,
        null,
        1,
        2,
        null,
        null,
        1,
        3,
        3,
        null,
        null,
        1,
        2,
        2,
        null,
        null,
        1,
        8,
        8,
        8,
        null,
        8,
        8,
        null,
        8,
        8,
        8,
        8,
        null,
        8,
        8,
        null,
        8,
        0,
        null,
        null,
        null,
        0,
        null,
        null,
        null,
        null,
        null,
        null,
        null,
        8,
        null,
        8,
        4,
        4,
        null,
        4,
        4,
        4,
        null,
        null,
        null,
        0,
        0,
        null,
        null,
        1,
        3,
        3,
        null,
        null,
        1,
        7,
        7,
        7,
        5,
        null,
        2,
        null,
        null,
        null,
        1,
        2,
        2,
        2,
        null,
        null,
        1,
        1,
        39,
        null,
        null,
        1,
        8,
        8,
        8,
        8,
        null,
        null
      ],
      "/Users/Aaron/src/coderfactory/cfa-edu-website/app/controllers/corporate_controller.rb": [
        1,
        1,
        0,
        0,
        0,
        0,
        0,
        null,
        null
      ],
      "/Users/Aaron/src/coderfactory/cfa-edu-website/app/controllers/courses_controller.rb": [
        1,
        1,
        1,
        1,
        null,
        1,
        5,
        5,
        5,
        null,
        null,
        1,
        0,
        0,
        null,
        null,
        1,
        2,
        null,
        null,
        1,
        4,
        4,
        2,
        null,
        2,
        null,
        null,
        null,
        1,
        2,
        null,
        null,
        1,
        5,
        5,
        3,
        null,
        2,
        null,
        null,
        null,
        1,
        2,
        2,
        2,
        null,
        null,
        1,
        1,
        9,
        null,
        null
      ],
      "/Users/Aaron/src/coderfactory/cfa-edu-website/app/controllers/intakes_controller.rb": [
        1,
        1,
        1,
        1,
        null,
        1,
        2,
        null,
        null,
        1,
        3,
        3,
        null,
        null,
        1,
        2,
        2,
        2,
        null,
        null,
        1,
        7,
        7,
        7,
        2,
        null,
        5,
        null,
        null,
        null,
        1,
        2,
        2,
        null,
        null,
        1,
        7,
        7,
        7,
        5,
        null,
        2,
        null,
        null,
        null,
        1,
        2,
        2,
        2,
        null,
        null,
        1,
        1,
        21,
        null,
        null
      ],
      "/Users/Aaron/src/coderfactory/cfa-edu-website/app/controllers/kids_coding_controller.rb": [
        1,
        1,
        0,
        0,
        0,
        0,
        null,
        null
      ],
      "/Users/Aaron/src/coderfactory/cfa-edu-website/app/controllers/posts_controller.rb": [
        1,
        1,
        1,
        1,
        1,
        1,
        null,
        1,
        2,
        null,
        null,
        1,
        null,
        null,
        1,
        2,
        null,
        null,
        1,
        4,
        4,
        2,
        null,
        2,
        null,
        null,
        null,
        1,
        2,
        null,
        null,
        1,
        5,
        5,
        3,
        null,
        2,
        null,
        null,
        null,
        1,
        2,
        2,
        2,
        null,
        null,
        1,
        0,
        0,
        null,
        null,
        1,
        1,
        9,
        null,
        null,
        1,
        2,
        null,
        null,
        1,
        2,
        null,
        null
      ],
      "/Users/Aaron/src/coderfactory/cfa-edu-website/app/controllers/promo_codes_controller.rb": [
        1,
        1,
        1,
        1,
        null,
        1,
        2,
        null,
        null,
        1,
        2,
        null,
        null,
        1,
        4,
        4,
        2,
        null,
        2,
        null,
        null,
        null,
        1,
        2,
        null,
        null,
        1,
        5,
        5,
        3,
        null,
        2,
        null,
        null,
        null,
        1,
        2,
        2,
        2,
        null,
        null,
        1,
        0,
        0,
        0,
        0,
        null,
        0,
        null,
        null,
        null,
        1,
        1,
        9,
        null,
        null,
        1,
        0,
        null,
        null
      ],
      "/Users/Aaron/src/coderfactory/cfa-edu-website/app/controllers/workshop_controller.rb": [
        1,
        1,
        0,
        0,
        0,
        0,
        0,
        null,
        null
      ],
      "/Users/Aaron/src/coderfactory/cfa-edu-website/app/mailers/booking_mailer.rb": [
        1,
        1,
        null,
        1,
        4,
        0,
        null,
        null,
        1,
        0,
        0,
        null,
        null
      ],
      "/Users/Aaron/src/coderfactory/cfa-edu-website/app/mailers/application_mailer.rb": [
        1,
        1,
        1,
        null
      ],
      "/Users/Aaron/src/coderfactory/cfa-edu-website/app/models/booking.rb": [
        1,
        1,
        1,
        1,
        null,
        1,
        1,
        1,
        null,
        1,
        null,
        1,
        60,
        60,
        60,
        46,
        null,
        46,
        46,
        46,
        2,
        null,
        null,
        null,
        1,
        60,
        2,
        null,
        null,
        null,
        1,
        0,
        null,
        1,
        0,
        null,
        1,
        0,
        null,
        1,
        0,
        null,
        1,
        0,
        null,
        1,
        0,
        null,
        1,
        0,
        null,
        1,
        0,
        null,
        1,
        0,
        null,
        1,
        0,
        null,
        1,
        4,
        null,
        null
      ],
      "/Users/Aaron/src/coderfactory/cfa-edu-website/app/models/course.rb": [
        1,
        1,
        1,
        1,
        1,
        null,
        1,
        1,
        null,
        1,
        0,
        null,
        null,
        1,
        131,
        1,
        null,
        null,
        null,
        1,
        0,
        0,
        null,
        null,
        1,
        0,
        0,
        0,
        null,
        0,
        null,
        null,
        0,
        null,
        null
      ],
      "/Users/Aaron/src/coderfactory/cfa-edu-website/app/uploaders/course_image_uploader.rb": [
        null,
        null,
        1,
        1,
        null
      ],
      "/Users/Aaron/src/coderfactory/cfa-edu-website/app/models/intake.rb": [
        1,
        1,
        1,
        1,
        null,
        1,
        1,
        1,
        null,
        1,
        90,
        1,
        null,
        null,
        null,
        1,
        0,
        null,
        1,
        0,
        null,
        1,
        0,
        null,
        1,
        0,
        null,
        1,
        0,
        null,
        1,
        0,
        null,
        1,
        0,
        null,
        1,
        0,
        null,
        1,
        0,
        null,
        1,
        0,
        null,
        null
      ],
      "/Users/Aaron/src/coderfactory/cfa-edu-website/app/uploaders/teacher_image_uploader.rb": [
        null,
        null,
        1,
        1,
        null
      ],
      "/Users/Aaron/src/coderfactory/cfa-edu-website/app/models/payment.rb": [
        1,
        1,
        null,
        1,
        1,
        1,
        null,
        1,
        19,
        0,
        null,
        null,
        1,
        19,
        1,
        null,
        null,
        null
      ],
      "/Users/Aaron/src/coderfactory/cfa-edu-website/app/models/post.rb": [
        1,
        1,
        1,
        1,
        1,
        null,
        1,
        1,
        null,
        1,
        0,
        0,
        0,
        0,
        null,
        null,
        null,
        1,
        1,
        null,
        null,
        1,
        4,
        null,
        null,
        1,
        2,
        2,
        null,
        null,
        1,
        3,
        0,
        null,
        null
      ],
      "/Users/Aaron/src/coderfactory/cfa-edu-website/app/uploaders/image_uploader.rb": [
        null,
        null,
        1,
        1,
        null
      ],
      "/Users/Aaron/src/coderfactory/cfa-edu-website/app/uploaders/author_image_uploader.rb": [
        null,
        null,
        1,
        1,
        null
      ],
      "/Users/Aaron/src/coderfactory/cfa-edu-website/app/models/promo_code.rb": [
        1,
        1,
        null,
        1,
        1,
        null,
        1,
        0,
        null,
        null
      ],
      "/Users/Aaron/src/coderfactory/cfa-edu-website/app/jobs/send_booking_email_job.rb": [
        1,
        1,
        null,
        1,
        4,
        4,
        0,
        null,
        null,
        null
      ]
    },
    "timestamp": 1467164568
  }
}
